<?xml version="1.0" encoding="UTF-8"?>
<testsuite xmlns:xsi="http://www.w3.org/2001/XMLSchema-instance" xsi:noNamespaceSchemaLocation="https://maven.apache.org/surefire/maven-surefire-plugin/xsd/surefire-test-report.xsd" name="com.queues.quickstart.AppTest" time="0.05" tests="1" errors="0" skipped="0" failures="0">
  <properties>
    <property name="java.specification.version" value="17"/>
    <property name="sun.jnu.encoding" value="UTF-8"/>
    <property name="java.class.path" value="/home/kobe-michiels/Documents/queues-quickstart/target/test-classes:/home/kobe-michiels/Documents/queues-quickstart/target/classes:/home/kobe-michiels/.m2/repository/com/azure/azure-storage-queue/12.25.0/azure-storage-queue-12.25.0.jar:/home/kobe-michiels/.m2/repository/com/azure/azure-xml/1.2.0/azure-xml-1.2.0.jar:/home/kobe-michiels/.m2/repository/com/azure/azure-core/1.55.3/azure-core-1.55.3.jar:/home/kobe-michiels/.m2/repository/com/fasterxml/jackson/core/jackson-annotations/2.17.2/jackson-annotations-2.17.2.jar:/home/kobe-michiels/.m2/repository/com/fasterxml/jackson/core/jackson-core/2.17.2/jackson-core-2.17.2.jar:/home/kobe-michiels/.m2/repository/com/fasterxml/jackson/core/jackson-databind/2.17.2/jackson-databind-2.17.2.jar:/home/kobe-michiels/.m2/repository/com/fasterxml/jackson/datatype/jackson-datatype-jsr310/2.17.2/jackson-datatype-jsr310-2.17.2.jar:/home/kobe-michiels/.m2/repository/org/slf4j/slf4j-api/1.7.36/slf4j-api-1.7.36.jar:/home/kobe-michiels/.m2/repository/io/projectreactor/reactor-core/3.4.41/reactor-core-3.4.41.jar:/home/kobe-michiels/.m2/repository/org/reactivestreams/reactive-streams/1.0.4/reactive-streams-1.0.4.jar:/home/kobe-michiels/.m2/repository/com/azure/azure-core-http-netty/1.15.11/azure-core-http-netty-1.15.11.jar:/home/kobe-michiels/.m2/repository/io/netty/netty-handler/4.1.118.Final/netty-handler-4.1.118.Final.jar:/home/kobe-michiels/.m2/repository/io/netty/netty-resolver/4.1.118.Final/netty-resolver-4.1.118.Final.jar:/home/kobe-michiels/.m2/repository/io/netty/netty-transport/4.1.118.Final/netty-transport-4.1.118.Final.jar:/home/kobe-michiels/.m2/repository/io/netty/netty-handler-proxy/4.1.118.Final/netty-handler-proxy-4.1.118.Final.jar:/home/kobe-michiels/.m2/repository/io/netty/netty-codec-socks/4.1.118.Final/netty-codec-socks-4.1.118.Final.jar:/home/kobe-michiels/.m2/repository/io/netty/netty-buffer/4.1.118.Final/netty-buffer-4.1.118.Final.jar:/home/kobe-michiels/.m2/repository/io/netty/netty-codec/4.1.118.Final/netty-codec-4.1.118.Final.jar:/home/kobe-michiels/.m2/repository/io/netty/netty-codec-http/4.1.118.Final/netty-codec-http-4.1.118.Final.jar:/home/kobe-michiels/.m2/repository/io/netty/netty-codec-http2/4.1.118.Final/netty-codec-http2-4.1.118.Final.jar:/home/kobe-michiels/.m2/repository/io/netty/netty-transport-native-unix-common/4.1.118.Final/netty-transport-native-unix-common-4.1.118.Final.jar:/home/kobe-michiels/.m2/repository/io/netty/netty-transport-native-epoll/4.1.118.Final/netty-transport-native-epoll-4.1.118.Final-linux-x86_64.jar:/home/kobe-michiels/.m2/repository/io/netty/netty-transport-classes-epoll/4.1.118.Final/netty-transport-classes-epoll-4.1.118.Final.jar:/home/kobe-michiels/.m2/repository/io/netty/netty-transport-native-kqueue/4.1.118.Final/netty-transport-native-kqueue-4.1.118.Final-osx-x86_64.jar:/home/kobe-michiels/.m2/repository/io/netty/netty-transport-classes-kqueue/4.1.118.Final/netty-transport-classes-kqueue-4.1.118.Final.jar:/home/kobe-michiels/.m2/repository/io/netty/netty-tcnative-boringssl-static/2.0.70.Final/netty-tcnative-boringssl-static-2.0.70.Final.jar:/home/kobe-michiels/.m2/repository/io/netty/netty-tcnative-classes/2.0.70.Final/netty-tcnative-classes-2.0.70.Final.jar:/home/kobe-michiels/.m2/repository/io/netty/netty-tcnative-boringssl-static/2.0.70.Final/netty-tcnative-boringssl-static-2.0.70.Final-linux-x86_64.jar:/home/kobe-michiels/.m2/repository/io/netty/netty-tcnative-boringssl-static/2.0.70.Final/netty-tcnative-boringssl-static-2.0.70.Final-linux-aarch_64.jar:/home/kobe-michiels/.m2/repository/io/netty/netty-tcnative-boringssl-static/2.0.70.Final/netty-tcnative-boringssl-static-2.0.70.Final-osx-x86_64.jar:/home/kobe-michiels/.m2/repository/io/netty/netty-tcnative-boringssl-static/2.0.70.Final/netty-tcnative-boringssl-static-2.0.70.Final-osx-aarch_64.jar:/home/kobe-michiels/.m2/repository/io/netty/netty-tcnative-boringssl-static/2.0.70.Final/netty-tcnative-boringssl-static-2.0.70.Final-windows-x86_64.jar:/home/kobe-michiels/.m2/repository/io/projectreactor/netty/reactor-netty-http/1.0.48/reactor-netty-http-1.0.48.jar:/home/kobe-michiels/.m2/repository/io/netty/netty-resolver-dns/4.1.112.Final/netty-resolver-dns-4.1.112.Final.jar:/home/kobe-michiels/.m2/repository/io/netty/netty-codec-dns/4.1.112.Final/netty-codec-dns-4.1.112.Final.jar:/home/kobe-michiels/.m2/repository/io/netty/netty-resolver-dns-native-macos/4.1.112.Final/netty-resolver-dns-native-macos-4.1.112.Final-osx-x86_64.jar:/home/kobe-michiels/.m2/repository/io/netty/netty-resolver-dns-classes-macos/4.1.112.Final/netty-resolver-dns-classes-macos-4.1.112.Final.jar:/home/kobe-michiels/.m2/repository/io/projectreactor/netty/reactor-netty-core/1.0.48/reactor-netty-core-1.0.48.jar:/home/kobe-michiels/.m2/repository/io/netty/netty-common/4.1.118.Final/netty-common-4.1.118.Final.jar:/home/kobe-michiels/.m2/repository/com/azure/azure-storage-common/12.29.0/azure-storage-common-12.29.0.jar:/home/kobe-michiels/.m2/repository/com/azure/azure-identity/1.15.4/azure-identity-1.15.4.jar:/home/kobe-michiels/.m2/repository/com/azure/azure-json/1.5.0/azure-json-1.5.0.jar:/home/kobe-michiels/.m2/repository/com/microsoft/azure/msal4j/1.19.1/msal4j-1.19.1.jar:/home/kobe-michiels/.m2/repository/com/nimbusds/oauth2-oidc-sdk/11.23/oauth2-oidc-sdk-11.23.jar:/home/kobe-michiels/.m2/repository/com/github/stephenc/jcip/jcip-annotations/1.0-1/jcip-annotations-1.0-1.jar:/home/kobe-michiels/.m2/repository/com/nimbusds/content-type/2.3/content-type-2.3.jar:/home/kobe-michiels/.m2/repository/com/nimbusds/lang-tag/1.7/lang-tag-1.7.jar:/home/kobe-michiels/.m2/repository/com/nimbusds/nimbus-jose-jwt/10.0.1/nimbus-jose-jwt-10.0.1.jar:/home/kobe-michiels/.m2/repository/net/minidev/json-smart/2.5.2/json-smart-2.5.2.jar:/home/kobe-michiels/.m2/repository/net/minidev/accessors-smart/2.5.2/accessors-smart-2.5.2.jar:/home/kobe-michiels/.m2/repository/org/ow2/asm/asm/9.7.1/asm-9.7.1.jar:/home/kobe-michiels/.m2/repository/com/microsoft/azure/msal4j-persistence-extension/1.3.0/msal4j-persistence-extension-1.3.0.jar:/home/kobe-michiels/.m2/repository/net/java/dev/jna/jna/5.13.0/jna-5.13.0.jar:/home/kobe-michiels/.m2/repository/net/java/dev/jna/jna-platform/5.13.0/jna-platform-5.13.0.jar:/home/kobe-michiels/.m2/repository/junit/junit/4.11/junit-4.11.jar:/home/kobe-michiels/.m2/repository/org/hamcrest/hamcrest-core/1.3/hamcrest-core-1.3.jar:"/>
    <property name="java.vm.vendor" value="Ubuntu"/>
    <property name="sun.arch.data.model" value="64"/>
    <property name="java.vendor.url" value="https://ubuntu.com/"/>
    <property name="os.name" value="Linux"/>
    <property name="java.vm.specification.version" value="17"/>
    <property name="sun.java.launcher" value="SUN_STANDARD"/>
    <property name="user.country" value="US"/>
    <property name="sun.boot.library.path" value="/usr/lib/jvm/java-17-openjdk-amd64/lib"/>
    <property name="sun.java.command" value="/home/kobe-michiels/Documents/queues-quickstart/target/surefire/surefirebooter10700956510262353876.jar /home/kobe-michiels/Documents/queues-quickstart/target/surefire 2025-05-16T12-06-49_952-jvmRun1 surefire3440628058634728368tmp surefire_01747732780604382151tmp"/>
    <property name="jdk.debug" value="release"/>
    <property name="surefire.test.class.path" value="/home/kobe-michiels/Documents/queues-quickstart/target/test-classes:/home/kobe-michiels/Documents/queues-quickstart/target/classes:/home/kobe-michiels/.m2/repository/com/azure/azure-storage-queue/12.25.0/azure-storage-queue-12.25.0.jar:/home/kobe-michiels/.m2/repository/com/azure/azure-xml/1.2.0/azure-xml-1.2.0.jar:/home/kobe-michiels/.m2/repository/com/azure/azure-core/1.55.3/azure-core-1.55.3.jar:/home/kobe-michiels/.m2/repository/com/fasterxml/jackson/core/jackson-annotations/2.17.2/jackson-annotations-2.17.2.jar:/home/kobe-michiels/.m2/repository/com/fasterxml/jackson/core/jackson-core/2.17.2/jackson-core-2.17.2.jar:/home/kobe-michiels/.m2/repository/com/fasterxml/jackson/core/jackson-databind/2.17.2/jackson-databind-2.17.2.jar:/home/kobe-michiels/.m2/repository/com/fasterxml/jackson/datatype/jackson-datatype-jsr310/2.17.2/jackson-datatype-jsr310-2.17.2.jar:/home/kobe-michiels/.m2/repository/org/slf4j/slf4j-api/1.7.36/slf4j-api-1.7.36.jar:/home/kobe-michiels/.m2/repository/io/projectreactor/reactor-core/3.4.41/reactor-core-3.4.41.jar:/home/kobe-michiels/.m2/repository/org/reactivestreams/reactive-streams/1.0.4/reactive-streams-1.0.4.jar:/home/kobe-michiels/.m2/repository/com/azure/azure-core-http-netty/1.15.11/azure-core-http-netty-1.15.11.jar:/home/kobe-michiels/.m2/repository/io/netty/netty-handler/4.1.118.Final/netty-handler-4.1.118.Final.jar:/home/kobe-michiels/.m2/repository/io/netty/netty-resolver/4.1.118.Final/netty-resolver-4.1.118.Final.jar:/home/kobe-michiels/.m2/repository/io/netty/netty-transport/4.1.118.Final/netty-transport-4.1.118.Final.jar:/home/kobe-michiels/.m2/repository/io/netty/netty-handler-proxy/4.1.118.Final/netty-handler-proxy-4.1.118.Final.jar:/home/kobe-michiels/.m2/repository/io/netty/netty-codec-socks/4.1.118.Final/netty-codec-socks-4.1.118.Final.jar:/home/kobe-michiels/.m2/repository/io/netty/netty-buffer/4.1.118.Final/netty-buffer-4.1.118.Final.jar:/home/kobe-michiels/.m2/repository/io/netty/netty-codec/4.1.118.Final/netty-codec-4.1.118.Final.jar:/home/kobe-michiels/.m2/repository/io/netty/netty-codec-http/4.1.118.Final/netty-codec-http-4.1.118.Final.jar:/home/kobe-michiels/.m2/repository/io/netty/netty-codec-http2/4.1.118.Final/netty-codec-http2-4.1.118.Final.jar:/home/kobe-michiels/.m2/repository/io/netty/netty-transport-native-unix-common/4.1.118.Final/netty-transport-native-unix-common-4.1.118.Final.jar:/home/kobe-michiels/.m2/repository/io/netty/netty-transport-native-epoll/4.1.118.Final/netty-transport-native-epoll-4.1.118.Final-linux-x86_64.jar:/home/kobe-michiels/.m2/repository/io/netty/netty-transport-classes-epoll/4.1.118.Final/netty-transport-classes-epoll-4.1.118.Final.jar:/home/kobe-michiels/.m2/repository/io/netty/netty-transport-native-kqueue/4.1.118.Final/netty-transport-native-kqueue-4.1.118.Final-osx-x86_64.jar:/home/kobe-michiels/.m2/repository/io/netty/netty-transport-classes-kqueue/4.1.118.Final/netty-transport-classes-kqueue-4.1.118.Final.jar:/home/kobe-michiels/.m2/repository/io/netty/netty-tcnative-boringssl-static/2.0.70.Final/netty-tcnative-boringssl-static-2.0.70.Final.jar:/home/kobe-michiels/.m2/repository/io/netty/netty-tcnative-classes/2.0.70.Final/netty-tcnative-classes-2.0.70.Final.jar:/home/kobe-michiels/.m2/repository/io/netty/netty-tcnative-boringssl-static/2.0.70.Final/netty-tcnative-boringssl-static-2.0.70.Final-linux-x86_64.jar:/home/kobe-michiels/.m2/repository/io/netty/netty-tcnative-boringssl-static/2.0.70.Final/netty-tcnative-boringssl-static-2.0.70.Final-linux-aarch_64.jar:/home/kobe-michiels/.m2/repository/io/netty/netty-tcnative-boringssl-static/2.0.70.Final/netty-tcnative-boringssl-static-2.0.70.Final-osx-x86_64.jar:/home/kobe-michiels/.m2/repository/io/netty/netty-tcnative-boringssl-static/2.0.70.Final/netty-tcnative-boringssl-static-2.0.70.Final-osx-aarch_64.jar:/home/kobe-michiels/.m2/repository/io/netty/netty-tcnative-boringssl-static/2.0.70.Final/netty-tcnative-boringssl-static-2.0.70.Final-windows-x86_64.jar:/home/kobe-michiels/.m2/repository/io/projectreactor/netty/reactor-netty-http/1.0.48/reactor-netty-http-1.0.48.jar:/home/kobe-michiels/.m2/repository/io/netty/netty-resolver-dns/4.1.112.Final/netty-resolver-dns-4.1.112.Final.jar:/home/kobe-michiels/.m2/repository/io/netty/netty-codec-dns/4.1.112.Final/netty-codec-dns-4.1.112.Final.jar:/home/kobe-michiels/.m2/repository/io/netty/netty-resolver-dns-native-macos/4.1.112.Final/netty-resolver-dns-native-macos-4.1.112.Final-osx-x86_64.jar:/home/kobe-michiels/.m2/repository/io/netty/netty-resolver-dns-classes-macos/4.1.112.Final/netty-resolver-dns-classes-macos-4.1.112.Final.jar:/home/kobe-michiels/.m2/repository/io/projectreactor/netty/reactor-netty-core/1.0.48/reactor-netty-core-1.0.48.jar:/home/kobe-michiels/.m2/repository/io/netty/netty-common/4.1.118.Final/netty-common-4.1.118.Final.jar:/home/kobe-michiels/.m2/repository/com/azure/azure-storage-common/12.29.0/azure-storage-common-12.29.0.jar:/home/kobe-michiels/.m2/repository/com/azure/azure-identity/1.15.4/azure-identity-1.15.4.jar:/home/kobe-michiels/.m2/repository/com/azure/azure-json/1.5.0/azure-json-1.5.0.jar:/home/kobe-michiels/.m2/repository/com/microsoft/azure/msal4j/1.19.1/msal4j-1.19.1.jar:/home/kobe-michiels/.m2/repository/com/nimbusds/oauth2-oidc-sdk/11.23/oauth2-oidc-sdk-11.23.jar:/home/kobe-michiels/.m2/repository/com/github/stephenc/jcip/jcip-annotations/1.0-1/jcip-annotations-1.0-1.jar:/home/kobe-michiels/.m2/repository/com/nimbusds/content-type/2.3/content-type-2.3.jar:/home/kobe-michiels/.m2/repository/com/nimbusds/lang-tag/1.7/lang-tag-1.7.jar:/home/kobe-michiels/.m2/repository/com/nimbusds/nimbus-jose-jwt/10.0.1/nimbus-jose-jwt-10.0.1.jar:/home/kobe-michiels/.m2/repository/net/minidev/json-smart/2.5.2/json-smart-2.5.2.jar:/home/kobe-michiels/.m2/repository/net/minidev/accessors-smart/2.5.2/accessors-smart-2.5.2.jar:/home/kobe-michiels/.m2/repository/org/ow2/asm/asm/9.7.1/asm-9.7.1.jar:/home/kobe-michiels/.m2/repository/com/microsoft/azure/msal4j-persistence-extension/1.3.0/msal4j-persistence-extension-1.3.0.jar:/home/kobe-michiels/.m2/repository/net/java/dev/jna/jna/5.13.0/jna-5.13.0.jar:/home/kobe-michiels/.m2/repository/net/java/dev/jna/jna-platform/5.13.0/jna-platform-5.13.0.jar:/home/kobe-michiels/.m2/repository/junit/junit/4.11/junit-4.11.jar:/home/kobe-michiels/.m2/repository/org/hamcrest/hamcrest-core/1.3/hamcrest-core-1.3.jar:"/>
    <property name="sun.cpu.endian" value="little"/>
    <property name="user.home" value="/home/kobe-michiels"/>
    <property name="user.language" value="en"/>
    <property name="java.specification.vendor" value="Oracle Corporation"/>
    <property name="java.version.date" value="2025-04-15"/>
    <property name="java.home" value="/usr/lib/jvm/java-17-openjdk-amd64"/>
    <property name="file.separator" value="/"/>
    <property name="basedir" value="/home/kobe-michiels/Documents/queues-quickstart"/>
    <property name="java.vm.compressedOopsMode" value="32-bit"/>
    <property name="line.separator" value="&#10;"/>
    <property name="java.vm.specification.vendor" value="Oracle Corporation"/>
    <property name="java.specification.name" value="Java Platform API Specification"/>
    <property name="surefire.real.class.path" value="/home/kobe-michiels/Documents/queues-quickstart/target/surefire/surefirebooter10700956510262353876.jar"/>
    <property name="sun.management.compiler" value="HotSpot 64-Bit Tiered Compilers"/>
    <property name="java.runtime.version" value="17.0.15+6-Ubuntu-0ubuntu124.04"/>
    <property name="user.name" value="kobe-michiels"/>
    <property name="path.separator" value=":"/>
    <property name="os.version" value="6.11.0-25-generic"/>
    <property name="java.runtime.name" value="OpenJDK Runtime Environment"/>
    <property name="file.encoding" value="UTF-8"/>
    <property name="java.vm.name" value="OpenJDK 64-Bit Server VM"/>
    <property name="localRepository" value="/home/kobe-michiels/.m2/repository"/>
    <property name="java.vendor.url.bug" value="https://bugs.launchpad.net/ubuntu/+source/openjdk-17"/>
    <property name="java.io.tmpdir" value="/tmp"/>
    <property name="java.version" value="17.0.15"/>
    <property name="user.dir" value="/home/kobe-michiels/Documents/queues-quickstart"/>
    <property name="os.arch" value="amd64"/>
    <property name="java.vm.specification.name" value="Java Virtual Machine Specification"/>
    <property name="native.encoding" value="UTF-8"/>
    <property name="java.library.path" value="/usr/java/packages/lib:/usr/lib/x86_64-linux-gnu/jni:/lib/x86_64-linux-gnu:/usr/lib/x86_64-linux-gnu:/usr/lib/jni:/lib:/usr/lib"/>
    <property name="java.vm.info" value="mixed mode, sharing"/>
    <property name="java.vendor" value="Ubuntu"/>
    <property name="java.vm.version" value="17.0.15+6-Ubuntu-0ubuntu124.04"/>
    <property name="java.specification.maintenance.version" value="1"/>
    <property name="sun.io.unicode.encoding" value="UnicodeLittle"/>
    <property name="java.class.version" value="61.0"/>
  </properties>
  <testcase name="shouldAnswerWithTrue" classname="com.queues.quickstart.AppTest" time="0.002"/>
</testsuite>